
5월 06, 2022 11:09:37.669 NEW SESSION
5월 06, 2022 11:09:37.669 [8760:10624:0506/110937.667:ERROR:device_event_log_impl.cc(214)] [11:09:37.667] Bluetooth: bluetooth_adapter_winrt.cc:1075 Getting Default Adapter failed.
5월 06, 2022 11:10:31.964 [8760:2732:0506/111031.963:ERROR:util.cc(126)] Can't create base directory: C:\Program Files\Google\GoogleUpdater
5월 06, 2022 14:47:08.06 [8760:10624:0506/144708.005:ERROR:interface_endpoint_client.cc(659)] Message 1 rejected by interface blink.mojom.WidgetHost
5월 06, 2022 15:09:00.595 [8760:10624:0506/150900.594:ERROR:interface_endpoint_client.cc(659)] Message 0 rejected by interface blink.mojom.WidgetHost
5월 06, 2022 16:10:31.964 [8760:5672:0506/161031.963:ERROR:util.cc(126)] Can't create base directory: C:\Program Files\Google\GoogleUpdater

5월 13, 2022 09:27:26.294 NEW SESSION
5월 13, 2022 09:27:26.294 [8168:4244:0513/092726.294:ERROR:device_event_log_impl.cc(214)] [09:27:26.284] Bluetooth: bluetooth_adapter_winrt.cc:1075 Getting Default Adapter failed.
5월 13, 2022 09:28:20.306 [8168:4176:0513/092820.305:ERROR:util.cc(126)] Can't create base directory: C:\Program Files\Google\GoogleUpdater
5월 13, 2022 14:28:20.313 [8168:6204:0513/142820.313:ERROR:util.cc(126)] Can't create base directory: C:\Program Files\Google\GoogleUpdater
5월 13, 2022 17:37:36.313 [1928:1296:0513/173736.313:ERROR:device_event_log_impl.cc(214)] [17:37:36.310] Bluetooth: bluetooth_adapter_winrt.cc:1075 Getting Default Adapter failed.
5월 13, 2022 17:38:29.292 [5164:6504:0513/173829.292:ERROR:device_event_log_impl.cc(214)] [17:38:29.285] Bluetooth: bluetooth_adapter_winrt.cc:1075 Getting Default Adapter failed.
5월 13, 2022 17:40:11.130 [9452:1936:0513/174011.130:ERROR:device_event_log_impl.cc(214)] [17:40:11.133] Bluetooth: bluetooth_adapter_winrt.cc:1075 Getting Default Adapter failed.
5월 13, 2022 17:41:06.878 [9452:8744:0513/174106.878:ERROR:util.cc(126)] Can't create base directory: C:\Program Files\Google\GoogleUpdater

5월 23, 2022 08:20:14.597 NEW SESSION
5월 23, 2022 08:20:14.597 [2856:5560:0523/082014.596:ERROR:device_event_log_impl.cc(214)] [08:20:14.597] Bluetooth: bluetooth_adapter_winrt.cc:1075 Getting Default Adapter failed.
5월 23, 2022 08:21:10.220 [2856:9220:0523/082110.220:ERROR:util.cc(126)] Can't create base directory: C:\Program Files\Google\GoogleUpdater
5월 23, 2022 08:33:13.473 [4964:10144:0523/083313.473:ERROR:device_event_log_impl.cc(214)] [08:33:13.473] Bluetooth: bluetooth_adapter_winrt.cc:1075 Getting Default Adapter failed.
5월 23, 2022 08:34:08.718 [4964:3260:0523/083408.717:ERROR:util.cc(126)] Can't create base directory: C:\Program Files\Google\GoogleUpdater
5월 23, 2022 10:57:37.18 [4964:10144:0523/105737.018:ERROR:page_load_metrics_update_dispatcher.cc(107)] Invalid parse_blocked_on_script_execution_duration 0.244 s for parse duration 0.236 s
5월 23, 2022 10:57:37.121 [4964:10144:0523/105737.121:ERROR:page_load_metrics_update_dispatcher.cc(107)] Invalid parse_blocked_on_script_execution_duration 0.244 s for parse duration 0.236 s
5월 23, 2022 10:57:37.243 [4964:10144:0523/105737.242:ERROR:page_load_metrics_update_dispatcher.cc(107)] Invalid parse_blocked_on_script_execution_duration 0.244 s for parse duration 0.236 s
5월 23, 2022 10:57:37.358 [4964:10144:0523/105737.358:ERROR:page_load_metrics_update_dispatcher.cc(107)] Invalid parse_blocked_on_script_execution_duration 0.244 s for parse duration 0.236 s
5월 23, 2022 10:57:37.475 [4964:10144:0523/105737.475:ERROR:page_load_metrics_update_dispatcher.cc(107)] Invalid parse_blocked_on_script_execution_duration 0.244 s for parse duration 0.236 s
5월 23, 2022 10:57:37.585 [4964:10144:0523/105737.585:ERROR:page_load_metrics_update_dispatcher.cc(107)] Invalid parse_blocked_on_script_execution_duration 0.244 s for parse duration 0.236 s
5월 23, 2022 10:57:37.723 [4964:10144:0523/105737.723:ERROR:page_load_metrics_update_dispatcher.cc(107)] Invalid parse_blocked_on_script_execution_duration 0.244 s for parse duration 0.236 s
5월 23, 2022 10:57:37.835 [4964:10144:0523/105737.834:ERROR:page_load_metrics_update_dispatcher.cc(107)] Invalid parse_blocked_on_script_execution_duration 0.244 s for parse duration 0.236 s
5월 23, 2022 10:57:37.967 [4964:10144:0523/105737.967:ERROR:page_load_metrics_update_dispatcher.cc(107)] Invalid parse_blocked_on_script_execution_duration 0.244 s for parse duration 0.236 s
5월 23, 2022 10:57:38.103 [4964:10144:0523/105738.103:ERROR:page_load_metrics_update_dispatcher.cc(107)] Invalid parse_blocked_on_script_execution_duration 0.244 s for parse duration 0.236 s
5월 23, 2022 10:57:38.229 [4964:10144:0523/105738.229:ERROR:page_load_metrics_update_dispatcher.cc(107)] Invalid parse_blocked_on_script_execution_duration 0.244 s for parse duration 0.236 s
5월 23, 2022 10:57:38.446 [4964:10144:0523/105738.446:ERROR:page_load_metrics_update_dispatcher.cc(107)] Invalid parse_blocked_on_script_execution_duration 0.244 s for parse duration 0.236 s
5월 23, 2022 10:57:38.558 [4964:10144:0523/105738.558:ERROR:page_load_metrics_update_dispatcher.cc(107)] Invalid parse_blocked_on_script_execution_duration 0.244 s for parse duration 0.236 s
5월 23, 2022 10:57:38.742 [4964:10144:0523/105738.741:ERROR:page_load_metrics_update_dispatcher.cc(107)] Invalid parse_blocked_on_script_execution_duration 0.244 s for parse duration 0.236 s
5월 23, 2022 10:57:38.976 [4964:10144:0523/105738.975:ERROR:page_load_metrics_update_dispatcher.cc(107)] Invalid parse_blocked_on_script_execution_duration 0.244 s for parse duration 0.236 s
5월 23, 2022 10:57:39.122 [4964:10144:0523/105739.121:ERROR:page_load_metrics_update_dispatcher.cc(107)] Invalid parse_blocked_on_script_execution_duration 0.244 s for parse duration 0.236 s
5월 23, 2022 10:57:39.252 [4964:10144:0523/105739.251:ERROR:page_load_metrics_update_dispatcher.cc(107)] Invalid parse_blocked_on_script_execution_duration 0.244 s for parse duration 0.236 s
5월 23, 2022 10:57:39.374 [4964:10144:0523/105739.373:ERROR:page_load_metrics_update_dispatcher.cc(107)] Invalid parse_blocked_on_script_execution_duration 0.244 s for parse duration 0.236 s
5월 23, 2022 10:57:39.591 [4964:10144:0523/105739.591:ERROR:page_load_metrics_update_dispatcher.cc(107)] Invalid parse_blocked_on_script_execution_duration 0.244 s for parse duration 0.236 s
5월 23, 2022 10:57:39.815 [4964:10144:0523/105739.814:ERROR:page_load_metrics_update_dispatcher.cc(107)] Invalid parse_blocked_on_script_execution_duration 0.244 s for parse duration 0.236 s
5월 23, 2022 10:57:42.216 [4964:10144:0523/105742.216:ERROR:page_load_metrics_update_dispatcher.cc(107)] Invalid parse_blocked_on_script_execution_duration 0.244 s for parse duration 0.236 s
5월 23, 2022 10:57:46.158 [4964:10144:0523/105746.157:ERROR:page_load_metrics_update_dispatcher.cc(107)] Invalid parse_blocked_on_script_execution_duration 0.244 s for parse duration 0.236 s
5월 23, 2022 10:57:47.151 [4964:10144:0523/105747.151:ERROR:page_load_metrics_update_dispatcher.cc(107)] Invalid parse_blocked_on_script_execution_duration 0.244 s for parse duration 0.236 s
5월 23, 2022 10:57:47.289 [4964:10144:0523/105747.289:ERROR:page_load_metrics_update_dispatcher.cc(107)] Invalid parse_blocked_on_script_execution_duration 0.244 s for parse duration 0.236 s
5월 23, 2022 10:57:47.853 [4964:10144:0523/105747.853:ERROR:page_load_metrics_update_dispatcher.cc(107)] Invalid parse_blocked_on_script_execution_duration 0.244 s for parse duration 0.236 s
5월 23, 2022 10:57:47.956 [4964:10144:0523/105747.956:ERROR:page_load_metrics_update_dispatcher.cc(107)] Invalid parse_blocked_on_script_execution_duration 0.244 s for parse duration 0.236 s
5월 23, 2022 10:57:47.981 [4964:10144:0523/105747.981:ERROR:page_load_metrics_update_dispatcher.cc(107)] Invalid parse_blocked_on_script_execution_duration 0.244 s for parse duration 0.236 s
5월 23, 2022 13:34:08.729 [4964:3848:0523/133408.728:ERROR:util.cc(126)] Can't create base directory: C:\Program Files\Google\GoogleUpdater

5월 25, 2022 09:53:01.444 NEW SESSION
5월 25, 2022 09:53:01.444 [6860:2620:0525/095301.428:ERROR:device_event_log_impl.cc(214)] [09:53:01.441] Bluetooth: bluetooth_adapter_winrt.cc:1075 Getting Default Adapter failed.
5월 25, 2022 09:53:56.633 [6860:10132:0525/095356.633:ERROR:util.cc(126)] Can't create base directory: C:\Program Files\Google\GoogleUpdater
5월 25, 2022 14:53:56.642 [6860:1124:0525/145356.642:ERROR:util.cc(126)] Can't create base directory: C:\Program Files\Google\GoogleUpdater

5월 26, 2022 11:28:58.696 NEW SESSION
5월 26, 2022 11:28:58.696 [2408:3904:0526/112858.695:ERROR:device_event_log_impl.cc(214)] [11:28:58.694] Bluetooth: bluetooth_adapter_winrt.cc:1075 Getting Default Adapter failed.
5월 26, 2022 11:29:53.281 [2408:5732:0526/112953.280:ERROR:util.cc(126)] Can't create base directory: C:\Program Files\Google\GoogleUpdater
5월 26, 2022 11:44:47.505 [6420:4564:0526/114447.505:ERROR:device_event_log_impl.cc(214)] [11:44:47.504] Bluetooth: bluetooth_adapter_winrt.cc:1075 Getting Default Adapter failed.
5월 26, 2022 11:45:43.234 [6420:7928:0526/114543.233:ERROR:util.cc(126)] Can't create base directory: C:\Program Files\Google\GoogleUpdater
5월 26, 2022 13:08:02.972 [2692:2232:0526/130802.972:ERROR:device_event_log_impl.cc(214)] [13:08:02.971] Bluetooth: bluetooth_adapter_winrt.cc:1075 Getting Default Adapter failed.
5월 26, 2022 13:08:57.746 [2692:8948:0526/130857.745:ERROR:util.cc(126)] Can't create base directory: C:\Program Files\Google\GoogleUpdater
5월 26, 2022 13:47:36.917 [1684:7784:0526/134736.917:ERROR:device_event_log_impl.cc(214)] [13:47:36.918] Bluetooth: bluetooth_adapter_winrt.cc:1075 Getting Default Adapter failed.
5월 26, 2022 13:48:46.295 [10140:6924:0526/134846.295:ERROR:device_event_log_impl.cc(214)] [13:48:46.295] Bluetooth: bluetooth_adapter_winrt.cc:1075 Getting Default Adapter failed.
5월 26, 2022 13:49:42.47 [10140:6484:0526/134942.046:ERROR:util.cc(126)] Can't create base directory: C:\Program Files\Google\GoogleUpdater
5월 26, 2022 16:56:03.269 [3744:9252:0526/165603.269:ERROR:device_event_log_impl.cc(214)] [16:56:03.269] Bluetooth: bluetooth_adapter_winrt.cc:1075 Getting Default Adapter failed.
5월 26, 2022 16:56:50.847 [5100:5372:0526/165650.846:ERROR:device_event_log_impl.cc(214)] [16:56:50.846] Bluetooth: bluetooth_adapter_winrt.cc:1075 Getting Default Adapter failed.
5월 26, 2022 16:57:06.546 [5100:5372:0526/165706.546:ERROR:interface_endpoint_client.cc(665)] Message 0 rejected by interface blink.mojom.WidgetHost
5월 26, 2022 16:57:46.460 [5100:5904:0526/165746.459:ERROR:util.cc(126)] Can't create base directory: C:\Program Files\Google\GoogleUpdater
5월 26, 2022 16:59:41.866 [5100:5372:0526/165941.865:ERROR:interface_endpoint_client.cc(665)] Message 0 rejected by interface blink.mojom.WidgetHost
5월 26, 2022 17:19:19.90 [5100:5372:0526/171919.089:ERROR:interface_endpoint_client.cc(665)] Message 0 rejected by interface blink.mojom.WidgetHost

5월 30, 2022 08:39:24.800 NEW SESSION
5월 30, 2022 08:39:24.800 [7764:6152:0530/083924.799:ERROR:device_event_log_impl.cc(214)] [08:39:24.799] Bluetooth: bluetooth_adapter_winrt.cc:1075 Getting Default Adapter failed.
5월 30, 2022 08:44:19.71 [8260:128:0530/084419.071:ERROR:device_event_log_impl.cc(214)] [08:44:19.071] Bluetooth: bluetooth_adapter_winrt.cc:1075 Getting Default Adapter failed.
5월 30, 2022 08:45:01.610 [1952:7064:0530/084501.610:ERROR:device_event_log_impl.cc(214)] [08:45:01.610] Bluetooth: bluetooth_adapter_winrt.cc:1075 Getting Default Adapter failed.
5월 30, 2022 08:45:54.446 [1952:1456:0530/084554.445:ERROR:util.cc(126)] Can't create base directory: C:\Program Files\Google\GoogleUpdater
